-- Found ament_cmake: 1.3.3 (/opt/ros/humble/share/ament_cmake/cmake)
-- Found rosidl_default_generators: 1.2.0 (/opt/ros/humble/share/rosidl_default_generators/cmake)
-- Using all available rosidl_typesupport_c: rosidl_typesupport_fastrtps_c;rosidl_typesupport_introspection_c
-- Found rosidl_adapter: 3.1.4 (/opt/ros/humble/share/rosidl_adapter/cmake)
-- Using all available rosidl_typesupport_cpp: rosidl_typesupport_fastrtps_cpp;rosidl_typesupport_introspection_cpp
-- Found geometry_msgs: 4.2.3 (/opt/ros/humble/share/geometry_msgs/cmake)
-- Found ament_cmake_ros: 0.10.0 (/opt/ros/humble/share/ament_cmake_ros/cmake)
-- Using all available rosidl_typesupport_c: rosidl_typesupport_fastrtps_c;rosidl_typesupport_introspection_c
-- Using all available rosidl_typesupport_cpp: rosidl_typesupport_fastrtps_cpp;rosidl_typesupport_introspection_cpp
-- Found python_cmake_module: 0.10.0 (/opt/ros/humble/share/python_cmake_module/cmake)
-- Using PYTHON_EXECUTABLE: /usr/bin/python3
-- Using PYTHON_INCLUDE_DIRS: /usr/include/python3.10
-- Using PYTHON_LIBRARIES: /usr/lib/x86_64-linux-gnu/libpython3.10.so
-- Found ament_lint_auto: 0.12.5 (/opt/ros/humble/share/ament_lint_auto/cmake)
-- Added test 'lint_cmake' to check CMake code style
-- Added test 'xmllint' to check XML markup files
-- Configuring done
-- Generating done
-- Build files have been written to: /home/alex/ROS2-Wayfarer/build/acl_msgs
[  1%] Built target acl_msgs__cpp
[  2%] [32mBuilding CXX object CMakeFiles/acl_msgs__rosidl_typesupport_cpp.dir/rosidl_typesupport_cpp/acl_msgs/msg/imu__type_support.cpp.o[0m
In file included from [01m[K/home/alex/ROS2-Wayfarer/build/acl_msgs/rosidl_typesupport_cpp/acl_msgs/msg/imu__type_support.cpp:7[m[K:
[01m[K/home/alex/ROS2-Wayfarer/build/acl_msgs/rosidl_generator_cpp/acl_msgs/msg/detail/imu__struct.hpp:20:10:[m[K [01;31m[Kfatal error: [m[Kacl_msgs/msg/detail/header__struct.hpp: No such file or directory
   20 | #include [01;31m[K"acl_msgs/msg/detail/header__struct.hpp"[m[K
      |          [01;31m[K^~~~~~~~~~~~~~~~~~~~~~~~~~~~~~~~~~~~~~~~[m[K
compilation terminated.
gmake[2]: *** [CMakeFiles/acl_msgs__rosidl_typesupport_cpp.dir/build.make:165: CMakeFiles/acl_msgs__rosidl_typesupport_cpp.dir/rosidl_typesupport_cpp/acl_msgs/msg/imu__type_support.cpp.o] Error 1
gmake[1]: *** [CMakeFiles/Makefile2:395: CMakeFiles/acl_msgs__rosidl_typesupport_cpp.dir/all] Error 2
gmake: *** [Makefile:146: all] Error 2
